2023-09-08T08:08:51+00:00 CRITICAL Uncaught TypeError: in_array(): Argument #2 ($haystack) must be of type array, null given in /home/catalyst/domains/catalystclassroom.com/public_html/wp-content/plugins/masterstudy-lms-learning-management-system/_core/stm-lms-templates/account/private/parts/become_instructor_info.php:6
Stack trace:
#0 /home/catalyst/domains/catalystclassroom.com/public_html/wp-content/plugins/masterstudy-lms-learning-management-system/_core/stm-lms-templates/account/private/parts/become_instructor_info.php(6): in_array()
#1 /home/catalyst/domains/catalystclassroom.com/public_html/wp-content/plugins/masterstudy-lms-learning-management-system/_core/lms/classes/templates.php(132): include('/home/catalyst/...')
#2 /home/catalyst/domains/catalystclassroom.com/public_html/wp-content/plugins/masterstudy-lms-learning-management-system/_core/lms/classes/templates.php(140): STM_LMS_Templates::load_lms_template()
#3 /home/catalyst/domains/catalystclassroom.com/public_html/wp-content/plugins/masterstudy-lms-learning-management-system/_core/stm-lms-templates/account/private/parts/settings.php(15): STM_LMS_Templates::show_lms_template()
#4 /home/catalyst/domains/catalystclassroom.com/public_html/wp-content/plugins/masterstudy-lms-learning-management-system/_core/lms/classes/templates.php(132): include('/home/catalyst/...')
#5 /home/catalyst/domains/catalystclassroom.com/public_html/wp-content/plugins/masterstudy-lms-learning-management-system/_core/lms/classes/templates.php(140): STM_LMS_Templates::load_lms_template()
#6 /home/catalyst/domains/catalystclassroom.com/public_html/wp-content/plugins/masterstudy-lms-learning-management-system/_core/stm-lms-templates/stm-lms-user-settings.php(12): STM_LMS_Templates::show_lms_template()
#7 /home/catalyst/domains/catalystclassroom.com/public_html/wp-includes/template-loader.php(106): include('/home/catalyst/...')
#8 /home/catalyst/domains/catalystclassroom.com/public_html/wp-blog-header.php(19): require_once('/home/catalyst/...')
#9 /home/catalyst/domains/catalystclassroom.com/public_html/index.php(17): require('/home/catalyst/...')
#10 {main}
  thrown in /home/catalyst/domains/catalystclassroom.com/public_html/wp-content/plugins/masterstudy-lms-learning-management-system/_core/stm-lms-templates/account/private/parts/become_instructor_info.php on line 6

2023-09-08T09:40:38+00:00 CRITICAL Uncaught Error: Failed opening required '/home/catalyst/domains/catalystclassroom.com/public_html/wp-content/plugins/wp-mail-smtp-pro/src/Reports/Emails/Summary.php' (include_path='.:/opt/alt/php80/usr/share/pear:/opt/alt/php80/usr/share/php:/usr/share/pear:/usr/share/php') in /home/catalyst/domains/catalystclassroom.com/public_html/wp-content/plugins/wp-mail-smtp-pro/wp-mail-smtp.php:40
Stack trace:
#0 /home/catalyst/domains/catalystclassroom.com/public_html/wp-content/plugins/wp-mail-smtp-pro/src/Tasks/Reports/SummaryEmailTask.php(44): {closure}()
#1 /home/catalyst/domains/catalystclassroom.com/public_html/wp-content/plugins/wp-mail-smtp-pro/src/Tasks/Tasks.php(58): WPMailSMTP\Tasks\Reports\SummaryEmailTask->init()
#2 /home/catalyst/domains/catalystclassroom.com/public_html/wp-content/plugins/wp-mail-smtp-pro/src/Core.php(244): WPMailSMTP\Tasks\Tasks->init()
#3 /home/catalyst/domains/catalystclassroom.com/public_html/wp-includes/class-wp-hook.php(310): WPMailSMTP\Core->get_tasks()
#4 /home/catalyst/domains/catalystclassroom.com/public_html/wp-includes/class-wp-hook.php(334): WP_Hook->apply_filters()
#5 /home/catalyst/domains/catalystclassroom.com/public_html/wp-includes/plugin.php(517): WP_Hook->do_action()
#6 /home/catalyst/domains/catalystclassroom.com/public_html/wp-settings.php(632): do_action()
#7 /home/catalyst/domains/catalystclassroom.com/public_html/wp-config.php(99): require_once('/home/catalyst/...')
#8 /home/catalyst/domains/catalystclassroom.com/public_html/wp-load.php(50): require_once('/home/catalyst/...')
#9 /home/catalyst/domains/catalystclassroom.com/public_html/wp-blog-header.php(13): require_once('/home/catalyst/...')
#10 /home/catalyst/domains/catalystclassroom.com/public_html/index.php(17): require('/home/catalyst/...')
#11 {main}
  thrown in /home/catalyst/domains/catalystclassroom.com/public_html/wp-content/plugins/wp-mail-smtp-pro/wp-mail-smtp.php on line 40

2023-09-08T09:40:38+00:00 CRITICAL Uncaught Error: Failed opening required '/home/catalyst/domains/catalystclassroom.com/public_html/wp-content/plugins/wp-mail-smtp-pro/src/Reports/Emails/Summary.php' (include_path='.:/opt/alt/php80/usr/share/pear:/opt/alt/php80/usr/share/php:/usr/share/pear:/usr/share/php') in /home/catalyst/domains/catalystclassroom.com/public_html/wp-content/plugins/wp-mail-smtp-pro/wp-mail-smtp.php:40
Stack trace:
#0 /home/catalyst/domains/catalystclassroom.com/public_html/wp-content/plugins/wp-mail-smtp-pro/src/Tasks/Reports/SummaryEmailTask.php(44): {closure}()
#1 /home/catalyst/domains/catalystclassroom.com/public_html/wp-content/plugins/wp-mail-smtp-pro/src/Tasks/Tasks.php(58): WPMailSMTP\Tasks\Reports\SummaryEmailTask->init()
#2 /home/catalyst/domains/catalystclassroom.com/public_html/wp-content/plugins/wp-mail-smtp-pro/src/Core.php(244): WPMailSMTP\Tasks\Tasks->init()
#3 /home/catalyst/domains/catalystclassroom.com/public_html/wp-includes/class-wp-hook.php(310): WPMailSMTP\Core->get_tasks()
#4 /home/catalyst/domains/catalystclassroom.com/public_html/wp-includes/class-wp-hook.php(334): WP_Hook->apply_filters()
#5 /home/catalyst/domains/catalystclassroom.com/public_html/wp-includes/plugin.php(517): WP_Hook->do_action()
#6 /home/catalyst/domains/catalystclassroom.com/public_html/wp-settings.php(632): do_action()
#7 /home/catalyst/domains/catalystclassroom.com/public_html/wp-config.php(99): require_once('/home/catalyst/...')
#8 /home/catalyst/domains/catalystclassroom.com/public_html/wp-load.php(50): require_once('/home/catalyst/...')
#9 /home/catalyst/domains/catalystclassroom.com/public_html/wp-blog-header.php(13): require_once('/home/catalyst/...')
#10 /home/catalyst/domains/catalystclassroom.com/public_html/index.php(17): require('/home/catalyst/...')
#11 {main}
  thrown in /home/catalyst/domains/catalystclassroom.com/public_html/wp-content/plugins/wp-mail-smtp-pro/wp-mail-smtp.php on line 40

2023-09-08T09:40:38+00:00 CRITICAL Uncaught Error: Failed opening required '/home/catalyst/domains/catalystclassroom.com/public_html/wp-content/plugins/wp-mail-smtp-pro/src/Reports/Emails/Summary.php' (include_path='.:/opt/alt/php80/usr/share/pear:/opt/alt/php80/usr/share/php:/usr/share/pear:/usr/share/php') in /home/catalyst/domains/catalystclassroom.com/public_html/wp-content/plugins/wp-mail-smtp-pro/wp-mail-smtp.php:40
Stack trace:
#0 /home/catalyst/domains/catalystclassroom.com/public_html/wp-content/plugins/wp-mail-smtp-pro/src/Tasks/Reports/SummaryEmailTask.php(44): {closure}()
#1 /home/catalyst/domains/catalystclassroom.com/public_html/wp-content/plugins/wp-mail-smtp-pro/src/Tasks/Tasks.php(58): WPMailSMTP\Tasks\Reports\SummaryEmailTask->init()
#2 /home/catalyst/domains/catalystclassroom.com/public_html/wp-content/plugins/wp-mail-smtp-pro/src/Core.php(244): WPMailSMTP\Tasks\Tasks->init()
#3 /home/catalyst/domains/catalystclassroom.com/public_html/wp-includes/class-wp-hook.php(310): WPMailSMTP\Core->get_tasks()
#4 /home/catalyst/domains/catalystclassroom.com/public_html/wp-includes/class-wp-hook.php(334): WP_Hook->apply_filters()
#5 /home/catalyst/domains/catalystclassroom.com/public_html/wp-includes/plugin.php(517): WP_Hook->do_action()
#6 /home/catalyst/domains/catalystclassroom.com/public_html/wp-settings.php(632): do_action()
#7 /home/catalyst/domains/catalystclassroom.com/public_html/wp-config.php(99): require_once('/home/catalyst/...')
#8 /home/catalyst/domains/catalystclassroom.com/public_html/wp-load.php(50): require_once('/home/catalyst/...')
#9 /home/catalyst/domains/catalystclassroom.com/public_html/wp-blog-header.php(13): require_once('/home/catalyst/...')
#10 /home/catalyst/domains/catalystclassroom.com/public_html/index.php(17): require('/home/catalyst/...')
#11 {main}
  thrown in /home/catalyst/domains/catalystclassroom.com/public_html/wp-content/plugins/wp-mail-smtp-pro/wp-mail-smtp.php on line 40

2023-09-08T17:46:26+00:00 CRITICAL Uncaught TypeError: in_array(): Argument #2 ($haystack) must be of type array, null given in /home/catalyst/domains/catalystclassroom.com/public_html/wp-content/plugins/masterstudy-lms-learning-management-system/_core/stm-lms-templates/account/private/parts/become_instructor_info.php:6
Stack trace:
#0 /home/catalyst/domains/catalystclassroom.com/public_html/wp-content/plugins/masterstudy-lms-learning-management-system/_core/stm-lms-templates/account/private/parts/become_instructor_info.php(6): in_array()
#1 /home/catalyst/domains/catalystclassroom.com/public_html/wp-content/plugins/masterstudy-lms-learning-management-system/_core/lms/classes/templates.php(132): include('/home/catalyst/...')
#2 /home/catalyst/domains/catalystclassroom.com/public_html/wp-content/plugins/masterstudy-lms-learning-management-system/_core/lms/classes/templates.php(140): STM_LMS_Templates::load_lms_template()
#3 /home/catalyst/domains/catalystclassroom.com/public_html/wp-content/plugins/masterstudy-lms-learning-management-system/_core/stm-lms-templates/account/private/parts/settings.php(15): STM_LMS_Templates::show_lms_template()
#4 /home/catalyst/domains/catalystclassroom.com/public_html/wp-content/plugins/masterstudy-lms-learning-management-system/_core/lms/classes/templates.php(132): include('/home/catalyst/...')
#5 /home/catalyst/domains/catalystclassroom.com/public_html/wp-content/plugins/masterstudy-lms-learning-management-system/_core/lms/classes/templates.php(140): STM_LMS_Templates::load_lms_template()
#6 /home/catalyst/domains/catalystclassroom.com/public_html/wp-content/plugins/masterstudy-lms-learning-management-system/_core/stm-lms-templates/stm-lms-user-settings.php(12): STM_LMS_Templates::show_lms_template()
#7 /home/catalyst/domains/catalystclassroom.com/public_html/wp-includes/template-loader.php(106): include('/home/catalyst/...')
#8 /home/catalyst/domains/catalystclassroom.com/public_html/wp-blog-header.php(19): require_once('/home/catalyst/...')
#9 /home/catalyst/domains/catalystclassroom.com/public_html/index.php(17): require('/home/catalyst/...')
#10 {main}
  thrown in /home/catalyst/domains/catalystclassroom.com/public_html/wp-content/plugins/masterstudy-lms-learning-management-system/_core/stm-lms-templates/account/private/parts/become_instructor_info.php on line 6

