2023-09-24T03:48:56+00:00 CRITICAL Uncaught Error: Failed opening required '/home/catalyst/domains/catalystclassroom.com/public_html/staging/wp-content/plugins/woocommerce/includes/wccom-site/installation/installation-steps/interface-installaton-step.php' (include_path='.:/opt/alt/php80/usr/share/pear:/opt/alt/php80/usr/share/php:/usr/share/pear:/usr/share/php') in /home/catalyst/domains/catalystclassroom.com/public_html/staging/wp-content/plugins/woocommerce/includes/wccom-site/class-wc-wccom-site.php:232
Stack trace:
#0 /home/catalyst/domains/catalystclassroom.com/public_html/staging/wp-includes/class-wp-hook.php(310): WC_WCCOM_Site::register_rest_namespace()
#1 /home/catalyst/domains/catalystclassroom.com/public_html/staging/wp-includes/plugin.php(205): WP_Hook->apply_filters()
#2 /home/catalyst/domains/catalystclassroom.com/public_html/staging/wp-content/plugins/woocommerce/includes/rest-api/Server.php(60): apply_filters()
#3 /home/catalyst/domains/catalystclassroom.com/public_html/staging/wp-content/plugins/woocommerce/includes/rest-api/Server.php(40): Automattic\WooCommerce\RestApi\Server->get_rest_namespaces()
#4 /home/catalyst/domains/catalystclassroom.com/public_html/staging/wp-includes/class-wp-hook.php(310): Automattic\WooCommerce\RestApi\Server->register_rest_routes()
#5 /home/catalyst/domains/catalystclassroom.com/public_html/staging/wp-includes/class-wp-hook.php(334): WP_Hook->apply_filters()
#6 /home/catalyst/domains/catalystclassroom.com/public_html/staging/wp-includes/plugin.php(517): WP_Hook->do_action()
#7 /home/catalyst/domains/catalystclassroom.com/public_html/staging/wp-includes/rest-api.php(587): do_action()
#8 /home/catalyst/domains/catalystclassroom.com/public_html/staging/wp-includes/rest-api.php(411): rest_get_server()
#9 /home/catalyst/domains/catalystclassroom.com/public_html/staging/wp-includes/class-wp-hook.php(310): rest_api_loaded()
#10 /home/catalyst/domains/catalystclassroom.com/public_html/staging/wp-includes/class-wp-hook.php(334): WP_Hook->apply_filters()
#11 /home/catalyst/domains/catalystclassroom.com/public_html/staging/wp-includes/plugin.php(565): WP_Hook->do_action()
#12 /home/catalyst/domains/catalystclassroom.com/public_html/staging/wp-includes/class-wp.php(398): do_action_ref_array()
#13 /home/catalyst/domains/catalystclassroom.com/public_html/staging/wp-includes/class-wp.php(779): WP->parse_request()
#14 /home/catalyst/domains/catalystclassroom.com/public_html/staging/wp-includes/functions.php(1335): WP->main()
#15 /home/catalyst/domains/catalystclassroom.com/public_html/staging/wp-blog-header.php(16): wp()
#16 /home/catalyst/domains/catalystclassroom.com/public_html/staging/index.php(17): require('/home/catalyst/...')
#17 {main}
  thrown in /home/catalyst/domains/catalystclassroom.com/public_html/staging/wp-content/plugins/woocommerce/includes/wccom-site/class-wc-wccom-site.php on line 232

2023-09-24T03:49:47+00:00 CRITICAL Uncaught Error: Failed opening required '/home/catalyst/domains/catalystclassroom.com/public_html/staging/wp-content/plugins/masterstudy-elementor-widgets/widgets/buddypress_instructors.php' (include_path='.:/opt/alt/php80/usr/share/pear:/opt/alt/php80/usr/share/php:/usr/share/pear:/usr/share/php') in /home/catalyst/domains/catalystclassroom.com/public_html/staging/wp-content/plugins/masterstudy-elementor-widgets/masterstudy-elementor-widgets.php:298
Stack trace:
#0 /home/catalyst/domains/catalystclassroom.com/public_html/staging/wp-content/plugins/masterstudy-elementor-widgets/masterstudy-elementor-widgets.php(304): Masterstudy_Elementor_Widgets->include_widgets()
#1 /home/catalyst/domains/catalystclassroom.com/public_html/staging/wp-includes/class-wp-hook.php(310): Masterstudy_Elementor_Widgets->init_widgets()
#2 /home/catalyst/domains/catalystclassroom.com/public_html/staging/wp-includes/class-wp-hook.php(334): WP_Hook->apply_filters()
#3 /home/catalyst/domains/catalystclassroom.com/public_html/staging/wp-includes/plugin.php(517): WP_Hook->do_action()
#4 /home/catalyst/domains/catalystclassroom.com/public_html/staging/wp-content/plugins/elementor/includes/managers/widgets.php(138): do_action()
#5 /home/catalyst/domains/catalystclassroom.com/public_html/staging/wp-content/plugins/elementor/includes/managers/widgets.php(328): Elementor\Widgets_Manager->init_widgets()
#6 /home/catalyst/domains/catalystclassroom.com/public_html/staging/wp-content/plugins/elementor/includes/elements/column.php(1071): Elementor\Widgets_Manager->get_widget_types()
#7 /home/catalyst/domains/catalystclassroom.com/public_html/staging/wp-content/plugins/elementor/includes/base/element-base.php(1435): Elementor\Element_Column->_get_default_child_type()
#8 /home/catalyst/domains/catalystclassroom.com/public_html/staging/wp-content/plugins/elementor/includes/base/element-base.php(355): Elementor\Element_Base->get_child_type()
#9 /home/catalyst/domains/catalystclassroom.com/public_html/staging/wp-content/plugins/elementor/includes/base/element-base.php(1480): Elementor\Element_Base->add_child()
#10 /home/catalyst/domains/catalystclassroom.com/public_html/staging/wp-content/plugins/elementor/includes/base/element-base.php(300): Elementor\Element_Base->init_children()
#11 /home/catalyst/domains/catalystclassroom.com/public_html/staging/wp-content/plugins/elementor/core/dynamic-tags/dynamic-css.php(35): Elementor\Element_Base->get_children()
#12 /home/catalyst/domains/catalystclassroom.com/public_html/staging/wp-content/plugins/elementor/core/dynamic-tags/dynamic-css.php(36): Elementor\Core\DynamicTags\Dynamic_CSS->render_styles()
#13 /home/catalyst/domains/catalystclassroom.com/public_html/staging/wp-content/plugins/elementor/core/files/css/post.php(178): Elementor\Core\DynamicTags\Dynamic_CSS->render_styles()
#14 /home/catalyst/domains/catalystclassroom.com/public_html/staging/wp-content/plugins/elementor/core/files/css/base.php(677): Elementor\Core\Files\CSS\Post->render_css()
#15 /home/catalyst/domains/catalystclassroom.com/public_html/staging/wp-content/plugins/elementor/core/files/base.php(180): Elementor\Core\Files\CSS\Base->parse_content()
#16 /home/catalyst/domains/catalystclassroom.com/public_html/staging/wp-content/plugins/elementor/core/files/css/base.php(130): Elementor\Core\Files\Base->update_file()
#17 /home/catalyst/domains/catalystclassroom.com/public_html/staging/wp-content/plugins/elementor/core/files/css/base.php(226): Elementor\Core\Files\CSS\Base->update()
#18 /home/catalyst/domains/catalystclassroom.com/public_html/staging/wp-content/plugins/elementor/core/files/css/post.php(201): Elementor\Core\Files\CSS\Base->enqueue()
#19 /home/catalyst/domains/catalystclassroom.com/public_html/staging/wp-content/plugins/elementor/core/dynamic-tags/manager.php(488): Elementor\Core\Files\CSS\Post->enqueue()
#20 /home/catalyst/domains/catalystclassroom.com/public_html/staging/wp-includes/class-wp-hook.php(310): Elementor\Core\DynamicTags\Manager->after_enqueue_post_css()
#21 /home/catalyst/domains/catalystclassroom.com/public_html/staging/wp-includes/class-wp-hook.php(334): WP_Hook->apply_filters()
#22 /home/catalyst/domains/catalystclassroom.com/public_html/staging/wp-includes/plugin.php(517): WP_Hook->do_action()
#23 /home/catalyst/domains/catalystclassroom.com/public_html/staging/wp-content/plugins/elementor/core/files/css/base.php(273): do_action()
#24 /home/catalyst/domains/catalystclassroom.com/public_html/staging/wp-content/plugins/elementor/core/files/css/post.php(201): Elementor\Core\Files\CSS\Base->enqueue()
#25 /home/catalyst/domains/catalystclassroom.com/public_html/staging/wp-content/plugins/elementor/includes/frontend.php(676): Elementor\Core\Files\CSS\Post->enqueue()
#26 /home/catalyst/domains/catalystclassroom.com/public_html/staging/wp-content/plugins/header-footer-elementor/inc/class-header-footer-elementor.php(385): Elementor\Frontend->enqueue_styles()
#27 /home/catalyst/domains/catalystclassroom.com/public_html/staging/wp-includes/class-wp-hook.php(310): Header_Footer_Elementor->enqueue_scripts()
#28 /home/catalyst/domains/catalystclassroom.com/public_html/staging/wp-includes/class-wp-hook.php(334): WP_Hook->apply_filters()
#29 /home/catalyst/domains/catalystclassroom.com/public_html/staging/wp-includes/plugin.php(517): WP_Hook->do_action()
#30 /home/catalyst/domains/catalystclassroom.com/public_html/staging/wp-includes/script-loader.php(2225): do_action()
#31 /home/catalyst/domains/catalystclassroom.com/public_html/staging/wp-includes/class-wp-hook.php(310): wp_enqueue_scripts()
#32 /home/catalyst/domains/catalystclassroom.com/public_html/staging/wp-includes/class-wp-hook.php(334): WP_Hook->apply_filters()
#33 /home/catalyst/domains/catalystclassroom.com/public_html/staging/wp-includes/plugin.php(517): WP_Hook->do_action()
#34 /home/catalyst/domains/catalystclassroom.com/public_html/staging/wp-includes/general-template.php(3053): do_action()
#35 /home/catalyst/domains/catalystclassroom.com/public_html/staging/wp-content/plugins/header-footer-elementor/themes/default/hfe-header.php(16): wp_head()
#36 /home/catalyst/domains/catalystclassroom.com/public_html/staging/wp-content/plugins/header-footer-elementor/themes/default/class-hfe-default-compat.php(57): require('/home/catalyst/...')
#37 /home/catalyst/domains/catalystclassroom.com/public_html/staging/wp-includes/class-wp-hook.php(312): HFE\Themes\HFE_Default_Compat->override_header()
#38 /home/catalyst/domains/catalystclassroom.com/public_html/staging/wp-includes/class-wp-hook.php(334): WP_Hook->apply_filters()
#39 /home/catalyst/domains/catalystclassroom.com/public_html/staging/wp-includes/plugin.php(517): WP_Hook->do_action()
#40 /home/catalyst/domains/catalystclassroom.com/public_html/staging/wp-includes/general-template.php(38): do_action()
#41 /home/catalyst/domains/catalystclassroom.com/public_html/staging/wp-content/plugins/elementor/modules/page-templates/templates/header-footer.php(9): get_header()
#42 /home/catalyst/domains/catalystclassroom.com/public_html/staging/wp-includes/template-loader.php(106): include('/home/catalyst/...')
#43 /home/catalyst/domains/catalystclassroom.com/public_html/staging/wp-blog-header.php(19): require_once('/home/catalyst/...')
#44 /home/catalyst/domains/catalystclassroom.com/public_html/staging/index.php(17): require('/home/catalyst/...')
#45 {main}
  thrown in /home/catalyst/domains/catalystclassroom.com/public_html/staging/wp-content/plugins/masterstudy-elementor-widgets/masterstudy-elementor-widgets.php on line 298

2023-09-24T03:55:01+00:00 CRITICAL Uncaught Error: Failed opening required '/home/catalyst/domains/catalystclassroom.com/public_html/staging/wp-content/plugins/woocommerce/includes/wccom-site/installation/class-wc-wccom-site-installation-state-storage.php' (include_path='.:/opt/alt/php80/usr/share/pear:/opt/alt/php80/usr/share/php:/usr/share/pear:/usr/share/php') in /home/catalyst/domains/catalystclassroom.com/public_html/staging/wp-content/plugins/woocommerce/includes/wccom-site/class-wc-wccom-site.php:229
Stack trace:
#0 /home/catalyst/domains/catalystclassroom.com/public_html/staging/wp-includes/class-wp-hook.php(310): WC_WCCOM_Site::register_rest_namespace()
#1 /home/catalyst/domains/catalystclassroom.com/public_html/staging/wp-includes/plugin.php(205): WP_Hook->apply_filters()
#2 /home/catalyst/domains/catalystclassroom.com/public_html/staging/wp-content/plugins/woocommerce/includes/rest-api/Server.php(60): apply_filters()
#3 /home/catalyst/domains/catalystclassroom.com/public_html/staging/wp-content/plugins/woocommerce/includes/rest-api/Server.php(40): Automattic\WooCommerce\RestApi\Server->get_rest_namespaces()
#4 /home/catalyst/domains/catalystclassroom.com/public_html/staging/wp-includes/class-wp-hook.php(310): Automattic\WooCommerce\RestApi\Server->register_rest_routes()
#5 /home/catalyst/domains/catalystclassroom.com/public_html/staging/wp-includes/class-wp-hook.php(334): WP_Hook->apply_filters()
#6 /home/catalyst/domains/catalystclassroom.com/public_html/staging/wp-includes/plugin.php(517): WP_Hook->do_action()
#7 /home/catalyst/domains/catalystclassroom.com/public_html/staging/wp-includes/rest-api.php(587): do_action()
#8 /home/catalyst/domains/catalystclassroom.com/public_html/staging/wp-includes/rest-api.php(411): rest_get_server()
#9 /home/catalyst/domains/catalystclassroom.com/public_html/staging/wp-includes/class-wp-hook.php(310): rest_api_loaded()
#10 /home/catalyst/domains/catalystclassroom.com/public_html/staging/wp-includes/class-wp-hook.php(334): WP_Hook->apply_filters()
#11 /home/catalyst/domains/catalystclassroom.com/public_html/staging/wp-includes/plugin.php(565): WP_Hook->do_action()
#12 /home/catalyst/domains/catalystclassroom.com/public_html/staging/wp-includes/class-wp.php(398): do_action_ref_array()
#13 /home/catalyst/domains/catalystclassroom.com/public_html/staging/wp-includes/class-wp.php(779): WP->parse_request()
#14 /home/catalyst/domains/catalystclassroom.com/public_html/staging/wp-includes/functions.php(1335): WP->main()
#15 /home/catalyst/domains/catalystclassroom.com/public_html/staging/wp-blog-header.php(16): wp()
#16 /home/catalyst/domains/catalystclassroom.com/public_html/staging/index.php(17): require('/home/catalyst/...')
#17 {main}
  thrown in /home/catalyst/domains/catalystclassroom.com/public_html/staging/wp-content/plugins/woocommerce/includes/wccom-site/class-wc-wccom-site.php on line 229

2023-09-24T03:55:01+00:00 CRITICAL Uncaught Error: Failed opening required '/home/catalyst/domains/catalystclassroom.com/public_html/staging/wp-content/plugins/elementor/core/logger/loggers/logger-interface.php' (include_path='.:/opt/alt/php80/usr/share/pear:/opt/alt/php80/usr/share/php:/usr/share/pear:/usr/share/php') in /home/catalyst/domains/catalystclassroom.com/public_html/staging/wp-content/plugins/elementor/includes/autoloader.php:294
Stack trace:
#0 /home/catalyst/domains/catalystclassroom.com/public_html/staging/wp-content/plugins/elementor/includes/autoloader.php(330): Elementor\Autoloader::load_class()
#1 /home/catalyst/domains/catalystclassroom.com/public_html/staging/wp-content/plugins/elementor/core/logger/manager.php(244): Elementor\Autoloader::autoload()
#2 /home/catalyst/domains/catalystclassroom.com/public_html/staging/wp-content/plugins/elementor/core/logger/manager.php(45): Elementor\Core\Logger\Manager->get_log_type_from_php_error()
#3 /home/catalyst/domains/catalystclassroom.com/public_html/staging/wp-content/plugins/elementor/core/logger/manager.php(99): Elementor\Core\Logger\Manager->shutdown()
#4 /home/catalyst/domains/catalystclassroom.com/public_html/staging/wp-content/plugins/elementor-pro/plugin.php(165): Elementor\Core\Logger\Manager->rest_error_handler()
#5 /home/catalyst/domains/catalystclassroom.com/public_html/staging/wp-content/plugins/elementor-pro/plugin.php(165): include()
#6 /home/catalyst/domains/catalystclassroom.com/public_html/staging/wp-content/plugins/elementor/data/base/controller.php(210): ElementorPro\Plugin->autoload()
#7 /home/catalyst/domains/catalystclassroom.com/public_html/staging/wp-content/plugins/elementor-pro/modules/forms/submissions/data/controller.php(240): Elementor\Data\Base\Controller->register_endpoint()
#8 /home/catalyst/domains/catalystclassroom.com/public_html/staging/wp-content/plugins/elementor/data/base/controller.php(265): ElementorPro\Modules\Forms\Submissions\Data\Controller->register_endpoints()
#9 /home/catalyst/domains/catalystclassroom.com/public_html/staging/wp-content/plugins/elementor-pro/modules/forms/submissions/data/controller.php(251): Elementor\Data\Base\Controller->register()
#10 /home/catalyst/domains/catalystclassroom.com/public_html/staging/wp-content/plugins/elementor/data/base/controller.php(40): ElementorPro\Modules\Forms\Submissions\Data\Controller->register()
#11 /home/catalyst/domains/catalystclassroom.com/public_html/staging/wp-includes/class-wp-hook.php(310): Elementor\Data\Base\Controller->Elementor\Data\Base\{closure}()
#12 /home/catalyst/domains/catalystclassroom.com/public_html/staging/wp-includes/class-wp-hook.php(334): WP_Hook->apply_filters()
#13 /home/catalyst/domains/catalystclassroom.com/public_html/staging/wp-includes/plugin.php(517): WP_Hook->do_action()
#14 /home/catalyst/domains/catalystclassroom.com/public_html/staging/wp-includes/rest-api.php(587): do_action()
#15 /home/catalyst/domains/catalystclassroom.com/public_html/staging/wp-includes/rest-api.php(411): rest_get_server()
#16 /home/catalyst/domains/catalystclassroom.com/public_html/staging/wp-includes/class-wp-hook.php(310): rest_api_loaded()
#17 /home/catalyst/domains/catalystclassroom.com/public_html/staging/wp-includes/class-wp-hook.php(334): WP_Hook->apply_filters()
#18 /home/catalyst/domains/catalystclassroom.com/public_html/staging/wp-includes/plugin.php(565): WP_Hook->do_action()
#19 /home/catalyst/domains/catalystclassroom.com/public_html/staging/wp-includes/class-wp.php(398): do_action_ref_array()
#20 /home/catalyst/domains/catalystclassroom.com/public_html/staging/wp-includes/class-wp.php(779): WP->parse_request()
#21 /home/catalyst/domains/catalystclassroom.com/public_html/staging/wp-includes/functions.php(1335): WP->main()
#22 /home/catalyst/domains/catalystclassroom.com/public_html/staging/wp-blog-header.php(16): wp()
#23 /home/catalyst/domains/catalystclassroom.com/public_html/staging/index.php(17): require('/home/catalyst/...')
#24 {main}
  thrown in /home/catalyst/domains/catalystclassroom.com/public_html/staging/wp-content/plugins/elementor/includes/autoloader.php on line 294

2023-09-24T03:55:01+00:00 CRITICAL Uncaught Error: Failed opening required '/home/catalyst/domains/catalystclassroom.com/public_html/staging/wp-content/plugins/elementor/core/logger/loggers/logger-interface.php' (include_path='.:/opt/alt/php80/usr/share/pear:/opt/alt/php80/usr/share/php:/usr/share/pear:/usr/share/php') in /home/catalyst/domains/catalystclassroom.com/public_html/staging/wp-content/plugins/elementor/includes/autoloader.php:294
Stack trace:
#0 /home/catalyst/domains/catalystclassroom.com/public_html/staging/wp-content/plugins/elementor/includes/autoloader.php(330): Elementor\Autoloader::load_class()
#1 /home/catalyst/domains/catalystclassroom.com/public_html/staging/wp-content/plugins/elementor/core/logger/manager.php(244): Elementor\Autoloader::autoload()
#2 /home/catalyst/domains/catalystclassroom.com/public_html/staging/wp-content/plugins/elementor/core/logger/manager.php(45): Elementor\Core\Logger\Manager->get_log_type_from_php_error()
#3 /home/catalyst/domains/catalystclassroom.com/public_html/staging/wp-content/plugins/elementor/core/logger/manager.php(99): Elementor\Core\Logger\Manager->shutdown()
#4 /home/catalyst/domains/catalystclassroom.com/public_html/staging/wp-content/plugins/elementor-pro/plugin.php(165): Elementor\Core\Logger\Manager->rest_error_handler()
#5 /home/catalyst/domains/catalystclassroom.com/public_html/staging/wp-content/plugins/elementor-pro/plugin.php(165): include()
#6 /home/catalyst/domains/catalystclassroom.com/public_html/staging/wp-content/plugins/elementor-pro/modules/loop-builder/module.php(223): ElementorPro\Plugin->autoload()
#7 /home/catalyst/domains/catalystclassroom.com/public_html/staging/wp-content/plugins/elementor-pro/modules/loop-builder/module.php(45): ElementorPro\Modules\LoopBuilder\Module->register_documents()
#8 /home/catalyst/domains/catalystclassroom.com/public_html/staging/wp-includes/class-wp-hook.php(310): ElementorPro\Modules\LoopBuilder\Module->ElementorPro\Modules\LoopBuilder\{closure}()
#9 /home/catalyst/domains/catalystclassroom.com/public_html/staging/wp-includes/class-wp-hook.php(334): WP_Hook->apply_filters()
#10 /home/catalyst/domains/catalystclassroom.com/public_html/staging/wp-includes/plugin.php(517): WP_Hook->do_action()
#11 /home/catalyst/domains/catalystclassroom.com/public_html/staging/wp-content/plugins/elementor/core/documents-manager.php(724): do_action()
#12 /home/catalyst/domains/catalystclassroom.com/public_html/staging/wp-content/plugins/elementor/core/documents-manager.php(332): Elementor\Core\Documents_Manager->register_types()
#13 /home/catalyst/domains/catalystclassroom.com/public_html/staging/wp-content/plugins/elementor/includes/template-library/data/endpoints/templates.php(18): Elementor\Core\Documents_Manager->get_document_types()
#14 /home/catalyst/domains/catalystclassroom.com/public_html/staging/wp-content/plugins/elementor/data/v2/base/base-route.php(378): Elementor\Includes\TemplateLibrary\Data\Endpoints\Templates->register()
#15 /home/catalyst/domains/catalystclassroom.com/public_html/staging/wp-content/plugins/elementor/data/v2/base/endpoint.php(152): Elementor\Data\V2\Base\Base_Route->__construct()
#16 /home/catalyst/domains/catalystclassroom.com/public_html/staging/wp-content/plugins/elementor/includes/template-library/data/controller.php(19): Elementor\Data\V2\Base\Endpoint->__construct()
#17 /home/catalyst/domains/catalystclassroom.com/public_html/staging/wp-content/plugins/elementor/data/v2/base/controller.php(410): Elementor\Includes\TemplateLibrary\Data\Controller->register_endpoints()
#18 /home/catalyst/domains/catalystclassroom.com/public_html/staging/wp-content/plugins/elementor/data/v2/base/controller.php(462): Elementor\Data\V2\Base\Controller->register()
#19 /home/catalyst/domains/catalystclassroom.com/public_html/staging/wp-includes/class-wp-hook.php(310): Elementor\Data\V2\Base\Controller->Elementor\Data\V2\Base\{closure}()
#20 /home/catalyst/domains/catalystclassroom.com/public_html/staging/wp-includes/class-wp-hook.php(334): WP_Hook->apply_filters()
#21 /home/catalyst/domains/catalystclassroom.com/public_html/staging/wp-includes/plugin.php(517): WP_Hook->do_action()
#22 /home/catalyst/domains/catalystclassroom.com/public_html/staging/wp-includes/rest-api.php(587): do_action()
#23 /home/catalyst/domains/catalystclassroom.com/public_html/staging/wp-includes/rest-api.php(411): rest_get_server()
#24 /home/catalyst/domains/catalystclassroom.com/public_html/staging/wp-includes/class-wp-hook.php(310): rest_api_loaded()
#25 /home/catalyst/domains/catalystclassroom.com/public_html/staging/wp-includes/class-wp-hook.php(334): WP_Hook->apply_filters()
#26 /home/catalyst/domains/catalystclassroom.com/public_html/staging/wp-includes/plugin.php(565): WP_Hook->do_action()
#27 /home/catalyst/domains/catalystclassroom.com/public_html/staging/wp-includes/class-wp.php(398): do_action_ref_array()
#28 /home/catalyst/domains/catalystclassroom.com/public_html/staging/wp-includes/class-wp.php(779): WP->parse_request()
#29 /home/catalyst/domains/catalystclassroom.com/public_html/staging/wp-includes/functions.php(1335): WP->main()
#30 /home/catalyst/domains/catalystclassroom.com/public_html/staging/wp-blog-header.php(16): wp()
#31 /home/catalyst/domains/catalystclassroom.com/public_html/staging/index.php(17): require('/home/catalyst/...')
#32 {main}
  thrown in /home/catalyst/domains/catalystclassroom.com/public_html/staging/wp-content/plugins/elementor/includes/autoloader.php on line 294

2023-09-24T03:55:02+00:00 CRITICAL Uncaught Error: Class "ElementorPro\Modules\ThemeBuilder\Documents\Single_Post" not found in /home/catalyst/domains/catalystclassroom.com/public_html/staging/wp-content/plugins/elementor-pro/modules/theme-builder/classes/templates-types-manager.php:40
Stack trace:
#0 /home/catalyst/domains/catalystclassroom.com/public_html/staging/wp-includes/class-wp-hook.php(310): ElementorPro\Modules\ThemeBuilder\Classes\Templates_Types_Manager->register_documents()
#1 /home/catalyst/domains/catalystclassroom.com/public_html/staging/wp-includes/class-wp-hook.php(334): WP_Hook->apply_filters()
#2 /home/catalyst/domains/catalystclassroom.com/public_html/staging/wp-includes/plugin.php(517): WP_Hook->do_action()
#3 /home/catalyst/domains/catalystclassroom.com/public_html/staging/wp-content/plugins/elementor/core/documents-manager.php(724): do_action()
#4 /home/catalyst/domains/catalystclassroom.com/public_html/staging/wp-content/plugins/elementor/core/documents-manager.php(332): Elementor\Core\Documents_Manager->register_types()
#5 /home/catalyst/domains/catalystclassroom.com/public_html/staging/wp-content/plugins/elementor/includes/template-library/data/endpoints/templates.php(18): Elementor\Core\Documents_Manager->get_document_types()
#6 /home/catalyst/domains/catalystclassroom.com/public_html/staging/wp-content/plugins/elementor/data/v2/base/base-route.php(378): Elementor\Includes\TemplateLibrary\Data\Endpoints\Templates->register()
#7 /home/catalyst/domains/catalystclassroom.com/public_html/staging/wp-content/plugins/elementor/data/v2/base/endpoint.php(152): Elementor\Data\V2\Base\Base_Route->__construct()
#8 /home/catalyst/domains/catalystclassroom.com/public_html/staging/wp-content/plugins/elementor/includes/template-library/data/controller.php(19): Elementor\Data\V2\Base\Endpoint->__construct()
#9 /home/catalyst/domains/catalystclassroom.com/public_html/staging/wp-content/plugins/elementor/data/v2/base/controller.php(410): Elementor\Includes\TemplateLibrary\Data\Controller->register_endpoints()
#10 /home/catalyst/domains/catalystclassroom.com/public_html/staging/wp-content/plugins/elementor/data/v2/base/controller.php(462): Elementor\Data\V2\Base\Controller->register()
#11 /home/catalyst/domains/catalystclassroom.com/public_html/staging/wp-includes/class-wp-hook.php(310): Elementor\Data\V2\Base\Controller->Elementor\Data\V2\Base\{closure}()
#12 /home/catalyst/domains/catalystclassroom.com/public_html/staging/wp-includes/class-wp-hook.php(334): WP_Hook->apply_filters()
#13 /home/catalyst/domains/catalystclassroom.com/public_html/staging/wp-includes/plugin.php(517): WP_Hook->do_action()
#14 /home/catalyst/domains/catalystclassroom.com/public_html/staging/wp-includes/rest-api.php(587): do_action()
#15 /home/catalyst/domains/catalystclassroom.com/public_html/staging/wp-includes/rest-api.php(411): rest_get_server()
#16 /home/catalyst/domains/catalystclassroom.com/public_html/staging/wp-includes/class-wp-hook.php(310): rest_api_loaded()
#17 /home/catalyst/domains/catalystclassroom.com/public_html/staging/wp-includes/class-wp-hook.php(334): WP_Hook->apply_filters()
#18 /home/catalyst/domains/catalystclassroom.com/public_html/staging/wp-includes/plugin.php(565): WP_Hook->do_action()
#19 /home/catalyst/domains/catalystclassroom.com/public_html/staging/wp-includes/class-wp.php(398): do_action_ref_array()
#20 /home/catalyst/domains/catalystclassroom.com/public_html/staging/wp-includes/class-wp.php(779): WP->parse_request()
#21 /home/catalyst/domains/catalystclassroom.com/public_html/staging/wp-includes/functions.php(1335): WP->main()
#22 /home/catalyst/domains/catalystclassroom.com/public_html/staging/wp-blog-header.php(16): wp()
#23 /home/catalyst/domains/catalystclassroom.com/public_html/staging/index.php(17): require('/home/catalyst/...')
#24 {main}
  thrown in /home/catalyst/domains/catalystclassroom.com/public_html/staging/wp-content/plugins/elementor-pro/modules/theme-builder/classes/templates-types-manager.php on line 40

2023-09-24T04:59:33+00:00 CRITICAL Uncaught Error: Failed opening required '/home/catalyst/domains/catalystclassroom.com/public_html/staging/wp-content/plugins/event-espresso-decaf/core/db_models/fields/EE_Foreign_Key_String_Field.php' (include_path='.:/opt/alt/php80/usr/share/pear:/opt/alt/php80/usr/share/php:/usr/share/pear:/usr/share/php') in /home/catalyst/domains/catalystclassroom.com/public_html/staging/wp-content/plugins/event-espresso-decaf/core/helpers/EEH_Autoloader.helper.php:74
Stack trace:
#0 /home/catalyst/domains/catalystclassroom.com/public_html/staging/wp-content/plugins/event-espresso-decaf/core/db_models/EEM_Registration.model.php(154): EEH_Autoloader::espresso_autoloader()
#1 /home/catalyst/domains/catalystclassroom.com/public_html/staging/wp-content/plugins/event-espresso-decaf/core/db_models/EEM_Base.model.php(745): EEM_Registration->__construct()
#2 /home/catalyst/domains/catalystclassroom.com/public_html/staging/wp-content/plugins/event-espresso-decaf/core/EE_Registry.core.php(1289): EEM_Base::instance()
#3 /home/catalyst/domains/catalystclassroom.com/public_html/staging/wp-content/plugins/event-espresso-decaf/core/EE_Registry.core.php(929): EE_Registry->_create_object()
#4 /home/catalyst/domains/catalystclassroom.com/public_html/staging/wp-content/plugins/event-espresso-decaf/core/EE_Registry.core.php(605): EE_Registry->_load()
#5 /home/catalyst/domains/catalystclassroom.com/public_html/staging/wp-content/plugins/event-espresso-decaf/core/db_models/EEM_Event.model.php(66): EE_Registry->load_model()
#6 /home/catalyst/domains/catalystclassroom.com/public_html/staging/wp-content/plugins/event-espresso-decaf/core/db_models/EEM_Base.model.php(745): EEM_Event->__construct()
#7 /home/catalyst/domains/catalystclassroom.com/public_html/staging/wp-content/plugins/event-espresso-decaf/core/EE_Registry.core.php(1289): EEM_Base::instance()
#8 /home/catalyst/domains/catalystclassroom.com/public_html/staging/wp-content/plugins/event-espresso-decaf/core/EE_Registry.core.php(929): EE_Registry->_create_object()
#9 /home/catalyst/domains/catalystclassroom.com/public_html/staging/wp-content/plugins/event-espresso-decaf/core/EE_Registry.core.php(605): EE_Registry->_load()
#10 /home/catalyst/domains/catalystclassroom.com/public_html/staging/wp-content/plugins/event-espresso-decaf/core/EE_Capabilities.core.php(1096): EE_Registry->load_model()
#11 /home/catalyst/domains/catalystclassroom.com/public_html/staging/wp-content/plugins/event-espresso-decaf/core/EE_Capabilities.core.php(321): EE_Meta_Capability_Map->ensure_is_model()
#12 /home/catalyst/domains/catalystclassroom.com/public_html/staging/wp-includes/class-wp-hook.php(310): EE_Capabilities->map_meta_caps()
#13 /home/catalyst/domains/catalystclassroom.com/public_html/staging/wp-includes/plugin.php(205): WP_Hook->apply_filters()
#14 /home/catalyst/domains/catalystclassroom.com/public_html/staging/wp-includes/capabilities.php(842): apply_filters()
#15 /home/catalyst/domains/catalystclassroom.com/public_html/staging/wp-includes/class-wp-user.php(777): map_meta_cap()
#16 /home/catalyst/domains/catalystclassroom.com/public_html/staging/wp-includes/capabilities.php(985): WP_User->has_cap()
#17 /home/catalyst/domains/catalystclassroom.com/public_html/staging/wp-includes/capabilities.php(877): user_can()
#18 /home/catalyst/domains/catalystclassroom.com/public_html/staging/wp-admin/includes/class-wp-privacy-policy-content.php(65): current_user_can()
#19 /home/catalyst/domains/catalystclassroom.com/public_html/staging/wp-includes/class-wp-hook.php(310): WP_Privacy_Policy_Content::text_change_check()
#20 /home/catalyst/domains/catalystclassroom.com/public_html/staging/wp-includes/class-wp-hook.php(334): WP_Hook->apply_filters()
#21 /home/catalyst/domains/catalystclassroom.com/public_html/staging/wp-includes/plugin.php(517): WP_Hook->do_action()
#22 /home/catalyst/domains/catalystclassroom.com/public_html/staging/wp-admin/admin-ajax.php(45): do_action()
#23 {main}
  thrown in /home/catalyst/domains/catalystclassroom.com/public_html/staging/wp-content/plugins/event-espresso-decaf/core/helpers/EEH_Autoloader.helper.php on line 74

