2023-09-10T06:46:28+00:00 CRITICAL Uncaught Error: Undefined constant "ELEMENTOR_PATH" in /home/catalyst/domains/catalystclassroom.com/public_html/wp-content/plugins/masterstudy-elementor-widgets/masterstudy-elementor-widgets.php:338
Stack trace:
#0 /home/catalyst/domains/catalystclassroom.com/public_html/wp-content/plugins/masterstudy-elementor-widgets/masterstudy-elementor-widgets.php(373): Masterstudy_Elementor_Widgets::get_image_url()
#1 /home/catalyst/domains/catalystclassroom.com/public_html/wp-content/themes/masterstudy/inc/custom.php(366): Masterstudy_Elementor_Widgets::get_cropped_image()
#2 /home/catalyst/domains/catalystclassroom.com/public_html/wp-content/plugins/masterstudy-lms-learning-management-system/_core/stm-lms-templates/courses/parts/image.php(52): stm_get_VC_img()
#3 /home/catalyst/domains/catalystclassroom.com/public_html/wp-content/plugins/masterstudy-lms-learning-management-system/_core/lms/classes/templates.php(132): include('/home/catalyst/...')
#4 /home/catalyst/domains/catalystclassroom.com/public_html/wp-content/plugins/masterstudy-lms-learning-management-system/_core/lms/classes/templates.php(140): STM_LMS_Templates::load_lms_template()
#5 /home/catalyst/domains/catalystclassroom.com/public_html/wp-content/plugins/masterstudy-lms-learning-management-system/_core/stm-lms-templates/courses/styles/style_2.php(25): STM_LMS_Templates::show_lms_template()
#6 /home/catalyst/domains/catalystclassroom.com/public_html/wp-content/plugins/masterstudy-lms-learning-management-system/_core/lms/classes/templates.php(132): include('/home/catalyst/...')
#7 /home/catalyst/domains/catalystclassroom.com/public_html/wp-content/plugins/masterstudy-lms-learning-management-system/_core/lms/classes/templates.php(140): STM_LMS_Templates::load_lms_template()
#8 /home/catalyst/domains/catalystclassroom.com/public_html/wp-content/plugins/masterstudy-lms-learning-management-system/_core/stm-lms-templates/courses/grid.php(92): STM_LMS_Templates::show_lms_template()
#9 /home/catalyst/domains/catalystclassroom.com/public_html/wp-content/plugins/masterstudy-lms-learning-management-system/_core/lms/classes/templates.php(132): include('/home/catalyst/...')
#10 /home/catalyst/domains/catalystclassroom.com/public_html/wp-content/plugins/masterstudy-lms-learning-management-system/_core/lms/classes/templates.php(140): STM_LMS_Templates::load_lms_template()
#11 /home/catalyst/domains/catalystclassroom.com/public_html/wp-content/plugins/masterstudy-lms-learning-management-system/_core/stm-lms-templates/courses/archive.php(100): STM_LMS_Templates::show_lms_template()
#12 /home/catalyst/domains/catalystclassroom.com/public_html/wp-content/plugins/masterstudy-lms-learning-management-system/_core/lms/classes/templates.php(132): include('/home/catalyst/...')
#13 /home/catalyst/domains/catalystclassroom.com/public_html/wp-content/plugins/masterstudy-lms-learning-management-system/_core/lms/classes/templates.php(46): STM_LMS_Templates::load_lms_template()
#14 /home/catalyst/domains/catalystclassroom.com/public_html/wp-includes/class-wp-hook.php(310): STM_LMS_Templates::courses_archive_content()
#15 /home/catalyst/domains/catalystclassroom.com/public_html/wp-includes/plugin.php(205): WP_Hook->apply_filters()
#16 /home/catalyst/domains/catalystclassroom.com/public_html/wp-includes/post-template.php(256): apply_filters()
#17 /home/catalyst/domains/catalystclassroom.com/public_html/wp-content/themes/masterstudy/page.php(13): the_content()
#18 /home/catalyst/domains/catalystclassroom.com/public_html/wp-includes/template-loader.php(106): include('/home/catalyst/...')
#19 /home/catalyst/domains/catalystclassroom.com/public_html/wp-blog-header.php(19): require_once('/home/catalyst/...')
#20 /home/catalyst/domains/catalystclassroom.com/public_html/index.php(17): require('/home/catalyst/...')
#21 {main}
  thrown in /home/catalyst/domains/catalystclassroom.com/public_html/wp-content/plugins/masterstudy-elementor-widgets/masterstudy-elementor-widgets.php on line 338

2023-09-10T08:15:08+00:00 CRITICAL Uncaught Error: Call to undefined function PHPMailer\PHPMailer\mail() in /home/catalyst/domains/catalystclassroom.com/public_html/wp-includes/PHPMailer/PHPMailer.php:874
Stack trace:
#0 /home/catalyst/domains/catalystclassroom.com/public_html/wp-includes/PHPMailer/PHPMailer.php(1961): PHPMailer\PHPMailer\PHPMailer->mailPassthru()
#1 /home/catalyst/domains/catalystclassroom.com/public_html/wp-includes/PHPMailer/PHPMailer.php(1682): PHPMailer\PHPMailer\PHPMailer->mailSend()
#2 /home/catalyst/domains/catalystclassroom.com/public_html/wp-includes/PHPMailer/PHPMailer.php(1518): PHPMailer\PHPMailer\PHPMailer->postSend()
#3 /home/catalyst/domains/catalystclassroom.com/public_html/wp-includes/pluggable.php(546): PHPMailer\PHPMailer\PHPMailer->send()
#4 /home/catalyst/domains/catalystclassroom.com/public_html/wp-content/plugins/masterstudy-lms-learning-management-system/_core/lms/classes/mails.php(125): wp_mail()
#5 /home/catalyst/domains/catalystclassroom.com/public_html/wp-content/plugins/masterstudy-lms-learning-management-system/_core/lms/classes/mails.php(68): STM_LMS_Mails::send_email()
#6 /home/catalyst/domains/catalystclassroom.com/public_html/wp-includes/class-wp-hook.php(310): STM_LMS_Mails::add_user_course()
#7 /home/catalyst/domains/catalystclassroom.com/public_html/wp-includes/class-wp-hook.php(334): WP_Hook->apply_filters()
#8 /home/catalyst/domains/catalystclassroom.com/public_html/wp-includes/plugin.php(517): WP_Hook->do_action()
#9 /home/catalyst/domains/catalystclassroom.com/public_html/wp-content/plugins/masterstudy-lms-learning-management-system/_core/lms/classes/course.php(140): do_action()
#10 /home/catalyst/domains/catalystclassroom.com/public_html/wp-content/plugins/masterstudy-lms-learning-management-system/_core/lms/classes/user.php(842): STM_LMS_Course::add_user_course()
#11 /home/catalyst/domains/catalystclassroom.com/public_html/wp-content/plugins/masterstudy-lms-learning-management-system/_core/stm-lms-templates/global/buy-button.php(7): STM_LMS_User::has_course_access()
#12 /home/catalyst/domains/catalystclassroom.com/public_html/wp-content/plugins/masterstudy-lms-learning-management-system/_core/lms/classes/templates.php(132): include('/home/catalyst/...')
#13 /home/catalyst/domains/catalystclassroom.com/public_html/wp-content/plugins/masterstudy-lms-learning-management-system/_core/lms/classes/templates.php(140): STM_LMS_Templates::load_lms_template()
#14 /home/catalyst/domains/catalystclassroom.com/public_html/wp-content/plugins/masterstudy-lms-learning-management-system/_core/stm-lms-templates/shortcodes/stm_lms_single_course_carousel.php(72): STM_LMS_Templates::show_lms_template()
#15 /home/catalyst/domains/catalystclassroom.com/public_html/wp-content/plugins/masterstudy-lms-learning-management-system/_core/lms/classes/templates.php(132): include('/home/catalyst/...')
#16 /home/catalyst/domains/catalystclassroom.com/public_html/wp-content/plugins/masterstudy-lms-learning-management-system/_core/lms/classes/templates.php(140): STM_LMS_Templates::load_lms_template()
#17 /home/catalyst/domains/catalystclassroom.com/public_html/wp-content/plugins/masterstudy-lms-learning-management-system/_core/includes/elementor/widgets/deprecated/stm_lms_single_course_carousel.php(169): STM_LMS_Templates::show_lms_template()
#18 /home/catalyst/domains/catalystclassroom.com/public_html/wp-content/plugins/elementor/includes/base/controls-stack.php(2268): StmLmsElementor\Widgets\StmLmsSingleCourseCarousel->render()
#19 /home/catalyst/domains/catalystclassroom.com/public_html/wp-content/plugins/elementor/includes/base/widget-base.php(609): Elementor\Controls_Stack->render_by_mode()
#20 /home/catalyst/domains/catalystclassroom.com/public_html/wp-content/plugins/elementor/includes/base/widget-base.php(750): Elementor\Widget_Base->render_content()
#21 /home/catalyst/domains/catalystclassroom.com/public_html/wp-content/plugins/elementor/includes/base/element-base.php(449): Elementor\Widget_Base->print_content()
#22 /home/catalyst/domains/catalystclassroom.com/public_html/wp-content/plugins/elementor/includes/base/element-base.php(1354): Elementor\Element_Base->print_element()
#23 /home/catalyst/domains/catalystclassroom.com/public_html/wp-content/plugins/elementor/includes/base/element-base.php(449): Elementor\Element_Base->print_content()
#24 /home/catalyst/domains/catalystclassroom.com/public_html/wp-content/plugins/elementor/includes/base/element-base.php(1354): Elementor\Element_Base->print_element()
#25 /home/catalyst/domains/catalystclassroom.com/public_html/wp-content/plugins/elementor/includes/base/element-base.php(449): Elementor\Element_Base->print_content()
#26 /home/catalyst/domains/catalystclassroom.com/public_html/wp-content/plugins/elementor/core/base/document.php(1680): Elementor\Element_Base->print_element()
#27 /home/catalyst/domains/catalystclassroom.com/public_html/wp-content/plugins/elementor/core/base/document.php(1106): Elementor\Core\Base\Document->print_elements()
#28 /home/catalyst/domains/catalystclassroom.com/public_html/wp-content/plugins/elementor/includes/frontend.php(1179): Elementor\Core\Base\Document->print_elements_with_wrapper()
#29 /home/catalyst/domains/catalystclassroom.com/public_html/wp-content/plugins/elementor/includes/frontend.php(1074): Elementor\Frontend->get_builder_content()
#30 /home/catalyst/domains/catalystclassroom.com/public_html/wp-includes/class-wp-hook.php(310): Elementor\Frontend->apply_builder_in_content()
#31 /home/catalyst/domains/catalystclassroom.com/public_html/wp-includes/plugin.php(205): WP_Hook->apply_filters()
#32 /home/catalyst/domains/catalystclassroom.com/public_html/wp-includes/post-template.php(256): apply_filters()
#33 /home/catalyst/domains/catalystclassroom.com/public_html/wp-content/plugins/elementor/modules/page-templates/module.php(190): the_content()
#34 [internal function]: Elementor\Modules\PageTemplates\Module->print_callback()
#35 /home/catalyst/domains/catalystclassroom.com/public_html/wp-content/plugins/elementor/modules/page-templates/module.php(207): call_user_func()
#36 /home/catalyst/domains/catalystclassroom.com/public_html/wp-content/plugins/elementor/modules/page-templates/templates/header-footer.php(19): Elementor\Modules\PageTemplates\Module->print_content()
#37 /home/catalyst/domains/catalystclassroom.com/public_html/wp-includes/template-loader.php(106): include('/home/catalyst/...')
#38 /home/catalyst/domains/catalystclassroom.com/public_html/wp-blog-header.php(19): require_once('/home/catalyst/...')
#39 /home/catalyst/domains/catalystclassroom.com/public_html/index.php(17): require('/home/catalyst/...')
#40 {main}
  thrown in /home/catalyst/domains/catalystclassroom.com/public_html/wp-includes/PHPMailer/PHPMailer.php on line 874

2023-09-10T08:15:29+00:00 CRITICAL Uncaught Error: Call to undefined function PHPMailer\PHPMailer\mail() in /home/catalyst/domains/catalystclassroom.com/public_html/wp-includes/PHPMailer/PHPMailer.php:874
Stack trace:
#0 /home/catalyst/domains/catalystclassroom.com/public_html/wp-includes/PHPMailer/PHPMailer.php(1961): PHPMailer\PHPMailer\PHPMailer->mailPassthru()
#1 /home/catalyst/domains/catalystclassroom.com/public_html/wp-includes/PHPMailer/PHPMailer.php(1682): PHPMailer\PHPMailer\PHPMailer->mailSend()
#2 /home/catalyst/domains/catalystclassroom.com/public_html/wp-includes/PHPMailer/PHPMailer.php(1518): PHPMailer\PHPMailer\PHPMailer->postSend()
#3 /home/catalyst/domains/catalystclassroom.com/public_html/wp-includes/pluggable.php(546): PHPMailer\PHPMailer\PHPMailer->send()
#4 /home/catalyst/domains/catalystclassroom.com/public_html/wp-content/plugins/masterstudy-lms-learning-management-system/_core/lms/classes/mails.php(125): wp_mail()
#5 /home/catalyst/domains/catalystclassroom.com/public_html/wp-content/plugins/masterstudy-lms-learning-management-system/_core/lms/classes/mails.php(68): STM_LMS_Mails::send_email()
#6 /home/catalyst/domains/catalystclassroom.com/public_html/wp-includes/class-wp-hook.php(310): STM_LMS_Mails::add_user_course()
#7 /home/catalyst/domains/catalystclassroom.com/public_html/wp-includes/class-wp-hook.php(334): WP_Hook->apply_filters()
#8 /home/catalyst/domains/catalystclassroom.com/public_html/wp-includes/plugin.php(517): WP_Hook->do_action()
#9 /home/catalyst/domains/catalystclassroom.com/public_html/wp-content/plugins/masterstudy-lms-learning-management-system/_core/lms/classes/course.php(140): do_action()
#10 /home/catalyst/domains/catalystclassroom.com/public_html/wp-content/plugins/masterstudy-lms-learning-management-system/_core/lms/classes/user.php(842): STM_LMS_Course::add_user_course()
#11 /home/catalyst/domains/catalystclassroom.com/public_html/wp-content/plugins/masterstudy-lms-learning-management-system/_core/stm-lms-templates/global/buy-button.php(7): STM_LMS_User::has_course_access()
#12 /home/catalyst/domains/catalystclassroom.com/public_html/wp-content/plugins/masterstudy-lms-learning-management-system/_core/lms/classes/templates.php(132): include('/home/catalyst/...')
#13 /home/catalyst/domains/catalystclassroom.com/public_html/wp-content/plugins/masterstudy-lms-learning-management-system/_core/lms/classes/templates.php(140): STM_LMS_Templates::load_lms_template()
#14 /home/catalyst/domains/catalystclassroom.com/public_html/wp-content/plugins/masterstudy-lms-learning-management-system/_core/stm-lms-templates/shortcodes/stm_lms_single_course_carousel.php(72): STM_LMS_Templates::show_lms_template()
#15 /home/catalyst/domains/catalystclassroom.com/public_html/wp-content/plugins/masterstudy-lms-learning-management-system/_core/lms/classes/templates.php(132): include('/home/catalyst/...')
#16 /home/catalyst/domains/catalystclassroom.com/public_html/wp-content/plugins/masterstudy-lms-learning-management-system/_core/lms/classes/templates.php(140): STM_LMS_Templates::load_lms_template()
#17 /home/catalyst/domains/catalystclassroom.com/public_html/wp-content/plugins/masterstudy-lms-learning-management-system/_core/includes/elementor/widgets/deprecated/stm_lms_single_course_carousel.php(169): STM_LMS_Templates::show_lms_template()
#18 /home/catalyst/domains/catalystclassroom.com/public_html/wp-content/plugins/elementor/includes/base/controls-stack.php(2268): StmLmsElementor\Widgets\StmLmsSingleCourseCarousel->render()
#19 /home/catalyst/domains/catalystclassroom.com/public_html/wp-content/plugins/elementor/includes/base/widget-base.php(609): Elementor\Controls_Stack->render_by_mode()
#20 /home/catalyst/domains/catalystclassroom.com/public_html/wp-content/plugins/elementor/includes/base/widget-base.php(750): Elementor\Widget_Base->render_content()
#21 /home/catalyst/domains/catalystclassroom.com/public_html/wp-content/plugins/elementor/includes/base/element-base.php(449): Elementor\Widget_Base->print_content()
#22 /home/catalyst/domains/catalystclassroom.com/public_html/wp-content/plugins/elementor/includes/base/element-base.php(1354): Elementor\Element_Base->print_element()
#23 /home/catalyst/domains/catalystclassroom.com/public_html/wp-content/plugins/elementor/includes/base/element-base.php(449): Elementor\Element_Base->print_content()
#24 /home/catalyst/domains/catalystclassroom.com/public_html/wp-content/plugins/elementor/includes/base/element-base.php(1354): Elementor\Element_Base->print_element()
#25 /home/catalyst/domains/catalystclassroom.com/public_html/wp-content/plugins/elementor/includes/base/element-base.php(449): Elementor\Element_Base->print_content()
#26 /home/catalyst/domains/catalystclassroom.com/public_html/wp-content/plugins/elementor/core/base/document.php(1680): Elementor\Element_Base->print_element()
#27 /home/catalyst/domains/catalystclassroom.com/public_html/wp-content/plugins/elementor/core/base/document.php(1106): Elementor\Core\Base\Document->print_elements()
#28 /home/catalyst/domains/catalystclassroom.com/public_html/wp-content/plugins/elementor/includes/frontend.php(1179): Elementor\Core\Base\Document->print_elements_with_wrapper()
#29 /home/catalyst/domains/catalystclassroom.com/public_html/wp-content/plugins/elementor/includes/frontend.php(1074): Elementor\Frontend->get_builder_content()
#30 /home/catalyst/domains/catalystclassroom.com/public_html/wp-includes/class-wp-hook.php(310): Elementor\Frontend->apply_builder_in_content()
#31 /home/catalyst/domains/catalystclassroom.com/public_html/wp-includes/plugin.php(205): WP_Hook->apply_filters()
#32 /home/catalyst/domains/catalystclassroom.com/public_html/wp-includes/post-template.php(256): apply_filters()
#33 /home/catalyst/domains/catalystclassroom.com/public_html/wp-content/plugins/elementor/modules/page-templates/module.php(190): the_content()
#34 [internal function]: Elementor\Modules\PageTemplates\Module->print_callback()
#35 /home/catalyst/domains/catalystclassroom.com/public_html/wp-content/plugins/elementor/modules/page-templates/module.php(207): call_user_func()
#36 /home/catalyst/domains/catalystclassroom.com/public_html/wp-content/plugins/elementor/modules/page-templates/templates/header-footer.php(19): Elementor\Modules\PageTemplates\Module->print_content()
#37 /home/catalyst/domains/catalystclassroom.com/public_html/wp-includes/template-loader.php(106): include('/home/catalyst/...')
#38 /home/catalyst/domains/catalystclassroom.com/public_html/wp-blog-header.php(19): require_once('/home/catalyst/...')
#39 /home/catalyst/domains/catalystclassroom.com/public_html/index.php(17): require('/home/catalyst/...')
#40 {main}
  thrown in /home/catalyst/domains/catalystclassroom.com/public_html/wp-includes/PHPMailer/PHPMailer.php on line 874

