2023-09-25T02:41:00+00:00 CRITICAL Uncaught Error: Failed opening required '/home/catalyst/domains/catalystclassroom.com/public_html/staging/wp-content/plugins/woocommerce/includes/rest-api/Controllers/Version1/class-wc-rest-product-reviews-v1-controller.php' (include_path='.:/opt/alt/php80/usr/share/pear:/opt/alt/php80/usr/share/php:/usr/share/pear:/usr/share/php') in /home/catalyst/domains/catalystclassroom.com/public_html/staging/wp-content/plugins/woocommerce/vendor/jetpack-autoloader/class-php-autoloader.php:90
Stack trace:
#0 /home/catalyst/domains/catalystclassroom.com/public_html/staging/wp-content/plugins/woocommerce/includes/rest-api/Server.php(42): Automattic\Jetpack\Autoloader\jpa291a41a79c4717f52ec2c309a1556bf\PHP_Autoloader::load_class()
#1 /home/catalyst/domains/catalystclassroom.com/public_html/staging/wp-includes/class-wp-hook.php(310): Automattic\WooCommerce\RestApi\Server->register_rest_routes()
#2 /home/catalyst/domains/catalystclassroom.com/public_html/staging/wp-includes/class-wp-hook.php(334): WP_Hook->apply_filters()
#3 /home/catalyst/domains/catalystclassroom.com/public_html/staging/wp-includes/plugin.php(517): WP_Hook->do_action()
#4 /home/catalyst/domains/catalystclassroom.com/public_html/staging/wp-includes/rest-api.php(587): do_action()
#5 /home/catalyst/domains/catalystclassroom.com/public_html/staging/wp-includes/rest-api.php(411): rest_get_server()
#6 /home/catalyst/domains/catalystclassroom.com/public_html/staging/wp-includes/class-wp-hook.php(310): rest_api_loaded()
#7 /home/catalyst/domains/catalystclassroom.com/public_html/staging/wp-includes/class-wp-hook.php(334): WP_Hook->apply_filters()
#8 /home/catalyst/domains/catalystclassroom.com/public_html/staging/wp-includes/plugin.php(565): WP_Hook->do_action()
#9 /home/catalyst/domains/catalystclassroom.com/public_html/staging/wp-includes/class-wp.php(398): do_action_ref_array()
#10 /home/catalyst/domains/catalystclassroom.com/public_html/staging/wp-includes/class-wp.php(779): WP->parse_request()
#11 /home/catalyst/domains/catalystclassroom.com/public_html/staging/wp-includes/functions.php(1335): WP->main()
#12 /home/catalyst/domains/catalystclassroom.com/public_html/staging/wp-blog-header.php(16): wp()
#13 /home/catalyst/domains/catalystclassroom.com/public_html/staging/index.php(17): require('/home/catalyst/...')
#14 {main}
  thrown in /home/catalyst/domains/catalystclassroom.com/public_html/staging/wp-content/plugins/woocommerce/vendor/jetpack-autoloader/class-php-autoloader.php on line 90

2023-09-25T02:41:00+00:00 CRITICAL Uncaught Error: Failed opening required '/home/catalyst/domains/catalystclassroom.com/public_html/staging/wp-content/plugins/woocommerce/includes/rest-api/Controllers/Version1/class-wc-rest-report-top-sellers-v1-controller.php' (include_path='.:/opt/alt/php80/usr/share/pear:/opt/alt/php80/usr/share/php:/usr/share/pear:/usr/share/php') in /home/catalyst/domains/catalystclassroom.com/public_html/staging/wp-content/plugins/woocommerce/vendor/jetpack-autoloader/class-php-autoloader.php:90
Stack trace:
#0 /home/catalyst/domains/catalystclassroom.com/public_html/staging/wp-content/plugins/woocommerce/includes/rest-api/Server.php(42): Automattic\Jetpack\Autoloader\jpa291a41a79c4717f52ec2c309a1556bf\PHP_Autoloader::load_class()
#1 /home/catalyst/domains/catalystclassroom.com/public_html/staging/wp-includes/class-wp-hook.php(310): Automattic\WooCommerce\RestApi\Server->register_rest_routes()
#2 /home/catalyst/domains/catalystclassroom.com/public_html/staging/wp-includes/class-wp-hook.php(334): WP_Hook->apply_filters()
#3 /home/catalyst/domains/catalystclassroom.com/public_html/staging/wp-includes/plugin.php(517): WP_Hook->do_action()
#4 /home/catalyst/domains/catalystclassroom.com/public_html/staging/wp-includes/rest-api.php(587): do_action()
#5 /home/catalyst/domains/catalystclassroom.com/public_html/staging/wp-includes/rest-api.php(411): rest_get_server()
#6 /home/catalyst/domains/catalystclassroom.com/public_html/staging/wp-includes/class-wp-hook.php(310): rest_api_loaded()
#7 /home/catalyst/domains/catalystclassroom.com/public_html/staging/wp-includes/class-wp-hook.php(334): WP_Hook->apply_filters()
#8 /home/catalyst/domains/catalystclassroom.com/public_html/staging/wp-includes/plugin.php(565): WP_Hook->do_action()
#9 /home/catalyst/domains/catalystclassroom.com/public_html/staging/wp-includes/class-wp.php(398): do_action_ref_array()
#10 /home/catalyst/domains/catalystclassroom.com/public_html/staging/wp-includes/class-wp.php(779): WP->parse_request()
#11 /home/catalyst/domains/catalystclassroom.com/public_html/staging/wp-includes/functions.php(1335): WP->main()
#12 /home/catalyst/domains/catalystclassroom.com/public_html/staging/wp-blog-header.php(16): wp()
#13 /home/catalyst/domains/catalystclassroom.com/public_html/staging/index.php(17): require('/home/catalyst/...')
#14 {main}
  thrown in /home/catalyst/domains/catalystclassroom.com/public_html/staging/wp-content/plugins/woocommerce/vendor/jetpack-autoloader/class-php-autoloader.php on line 90

2023-09-25T02:41:00+00:00 CRITICAL Uncaught Error: Failed opening required '/home/catalyst/domains/catalystclassroom.com/public_html/staging/wp-content/plugins/woocommerce/includes/rest-api/Controllers/Version1/class-wc-rest-report-top-sellers-v1-controller.php' (include_path='.:/opt/alt/php80/usr/share/pear:/opt/alt/php80/usr/share/php:/usr/share/pear:/usr/share/php') in /home/catalyst/domains/catalystclassroom.com/public_html/staging/wp-content/plugins/woocommerce/vendor/jetpack-autoloader/class-php-autoloader.php:90
Stack trace:
#0 /home/catalyst/domains/catalystclassroom.com/public_html/staging/wp-content/plugins/woocommerce/includes/rest-api/Server.php(42): Automattic\Jetpack\Autoloader\jpa291a41a79c4717f52ec2c309a1556bf\PHP_Autoloader::load_class()
#1 /home/catalyst/domains/catalystclassroom.com/public_html/staging/wp-includes/class-wp-hook.php(310): Automattic\WooCommerce\RestApi\Server->register_rest_routes()
#2 /home/catalyst/domains/catalystclassroom.com/public_html/staging/wp-includes/class-wp-hook.php(334): WP_Hook->apply_filters()
#3 /home/catalyst/domains/catalystclassroom.com/public_html/staging/wp-includes/plugin.php(517): WP_Hook->do_action()
#4 /home/catalyst/domains/catalystclassroom.com/public_html/staging/wp-includes/rest-api.php(587): do_action()
#5 /home/catalyst/domains/catalystclassroom.com/public_html/staging/wp-includes/rest-api.php(411): rest_get_server()
#6 /home/catalyst/domains/catalystclassroom.com/public_html/staging/wp-includes/class-wp-hook.php(310): rest_api_loaded()
#7 /home/catalyst/domains/catalystclassroom.com/public_html/staging/wp-includes/class-wp-hook.php(334): WP_Hook->apply_filters()
#8 /home/catalyst/domains/catalystclassroom.com/public_html/staging/wp-includes/plugin.php(565): WP_Hook->do_action()
#9 /home/catalyst/domains/catalystclassroom.com/public_html/staging/wp-includes/class-wp.php(398): do_action_ref_array()
#10 /home/catalyst/domains/catalystclassroom.com/public_html/staging/wp-includes/class-wp.php(779): WP->parse_request()
#11 /home/catalyst/domains/catalystclassroom.com/public_html/staging/wp-includes/functions.php(1335): WP->main()
#12 /home/catalyst/domains/catalystclassroom.com/public_html/staging/wp-blog-header.php(16): wp()
#13 /home/catalyst/domains/catalystclassroom.com/public_html/staging/index.php(17): require('/home/catalyst/...')
#14 {main}
  thrown in /home/catalyst/domains/catalystclassroom.com/public_html/staging/wp-content/plugins/woocommerce/vendor/jetpack-autoloader/class-php-autoloader.php on line 90

2023-09-25T02:41:24+00:00 CRITICAL Uncaught Error: Failed opening required '/home/catalyst/domains/catalystclassroom.com/public_html/staging/wp-content/plugins/woocommerce/src/Admin/RemoteInboxNotifications/OptionRuleProcessor.php' (include_path='.:/opt/alt/php80/usr/share/pear:/opt/alt/php80/usr/share/php:/usr/share/pear:/usr/share/php') in /home/catalyst/domains/catalystclassroom.com/public_html/staging/wp-content/plugins/woocommerce/vendor/jetpack-autoloader/class-php-autoloader.php:90
Stack trace:
#0 /home/catalyst/domains/catalystclassroom.com/public_html/staging/wp-content/plugins/woocommerce/src/Admin/RemoteInboxNotifications/GetRuleProcessor.php(58): Automattic\Jetpack\Autoloader\jpa291a41a79c4717f52ec2c309a1556bf\PHP_Autoloader::load_class()
#1 /home/catalyst/domains/catalystclassroom.com/public_html/staging/wp-content/plugins/woocommerce/src/Admin/RemoteInboxNotifications/RuleEvaluator.php(78): Automattic\WooCommerce\Admin\RemoteInboxNotifications\GetRuleProcessor::get_processor()
#2 /home/catalyst/domains/catalystclassroom.com/public_html/staging/wp-content/plugins/woocommerce/src/Admin/Features/PaymentGatewaySuggestions/EvaluateSuggestion.php(27): Automattic\WooCommerce\Admin\RemoteInboxNotifications\RuleEvaluator->evaluate()
#3 /home/catalyst/domains/catalystclassroom.com/public_html/staging/wp-content/plugins/woocommerce/src/Internal/Admin/WCPayPromotion/Init.php(129): Automattic\WooCommerce\Admin\Features\PaymentGatewaySuggestions\EvaluateSuggestion::evaluate()
#4 /home/catalyst/domains/catalystclassroom.com/public_html/staging/wp-content/plugins/woocommerce/src/Internal/Admin/WCPayPromotion/Init.php(108): Automattic\WooCommerce\Internal\Admin\WCPayPromotion\Init::get_promotions()
#5 /home/catalyst/domains/catalystclassroom.com/public_html/staging/wp-content/plugins/woocommerce/src/Internal/Admin/WCPayPromotion/Init.php(78): Automattic\WooCommerce\Internal\Admin\WCPayPromotion\Init::get_wc_pay_promotion_spec()
#6 /home/catalyst/domains/catalystclassroom.com/public_html/staging/wp-content/plugins/woocommerce/src/Internal/Admin/WCPayPromotion/Init.php(55): Automattic\WooCommerce\Internal\Admin\WCPayPromotion\Init::can_show_promotion()
#7 /home/catalyst/domains/catalystclassroom.com/public_html/staging/wp-includes/class-wp-hook.php(310): Automattic\WooCommerce\Internal\Admin\WCPayPromotion\Init::possibly_register_pre_install_wc_pay_promotion_gateway()
#8 /home/catalyst/domains/catalystclassroom.com/public_html/staging/wp-includes/plugin.php(205): WP_Hook->apply_filters()
#9 /home/catalyst/domains/catalystclassroom.com/public_html/staging/wp-content/plugins/woocommerce/includes/class-wc-payment-gateways.php(88): apply_filters()
#10 /home/catalyst/domains/catalystclassroom.com/public_html/staging/wp-content/plugins/woocommerce/includes/class-wc-payment-gateways.php(70): WC_Payment_Gateways->init()
#11 /home/catalyst/domains/catalystclassroom.com/public_html/staging/wp-content/plugins/woocommerce/includes/class-wc-payment-gateways.php(43): WC_Payment_Gateways->__construct()
#12 /home/catalyst/domains/catalystclassroom.com/public_html/staging/wp-content/plugins/woocommerce/includes/class-woocommerce.php(961): WC_Payment_Gateways::instance()
#13 /home/catalyst/domains/catalystclassroom.com/public_html/staging/wp-content/plugins/woocommerce/includes/class-woocommerce.php(175): WooCommerce->payment_gateways()
#14 /home/catalyst/domains/catalystclassroom.com/public_html/staging/wp-content/plugins/woocommerce/packages/woocommerce-blocks/src/StoreApi/Schemas/V1/CheckoutSchema.php(130): WooCommerce->__get()
#15 /home/catalyst/domains/catalystclassroom.com/public_html/staging/wp-content/plugins/woocommerce/packages/woocommerce-blocks/src/StoreApi/Schemas/V1/AbstractSchema.php(62): Automattic\WooCommerce\StoreApi\Schemas\V1\CheckoutSchema->get_properties()
#16 /home/catalyst/domains/catalystclassroom.com/public_html/staging/wp-content/plugins/woocommerce/packages/woocommerce-blocks/src/StoreApi/Routes/V1/AbstractRoute.php(85): Automattic\WooCommerce\StoreApi\Schemas\V1\AbstractSchema->get_item_schema()
#17 /home/catalyst/domains/catalystclassroom.com/public_html/staging/wp-content/plugins/woocommerce/packages/woocommerce-blocks/src/StoreApi/Routes/V1/AbstractRoute.php(269): Automattic\WooCommerce\StoreApi\Routes\V1\AbstractRoute->get_item_schema()
#18 /home/catalyst/domains/catalystclassroom.com/public_html/staging/wp-content/plugins/woocommerce/packages/woocommerce-blocks/src/StoreApi/Routes/V1/Checkout.php(72): Automattic\WooCommerce\StoreApi\Routes\V1\AbstractRoute->get_context_param()
#19 /home/catalyst/domains/catalystclassroom.com/public_html/staging/wp-content/plugins/woocommerce/packages/woocommerce-blocks/src/StoreApi/RoutesController.php(120): Automattic\WooCommerce\StoreApi\Routes\V1\Checkout->get_args()
#20 /home/catalyst/domains/catalystclassroom.com/public_html/staging/wp-content/plugins/woocommerce/packages/woocommerce-blocks/src/StoreApi/RoutesController.php(75): Automattic\WooCommerce\StoreApi\RoutesController->register_routes()
#21 /home/catalyst/domains/catalystclassroom.com/public_html/staging/wp-content/plugins/woocommerce/packages/woocommerce-blocks/src/StoreApi/StoreApi.php(27): Automattic\WooCommerce\StoreApi\RoutesController->register_all_routes()
#22 /home/catalyst/domains/catalystclassroom.com/public_html/staging/wp-includes/class-wp-hook.php(310): Automattic\WooCommerce\StoreApi\StoreApi->Automattic\WooCommerce\StoreApi\{closure}()
#23 /home/catalyst/domains/catalystclassroom.com/public_html/staging/wp-includes/class-wp-hook.php(334): WP_Hook->apply_filters()
#24 /home/catalyst/domains/catalystclassroom.com/public_html/staging/wp-includes/plugin.php(517): WP_Hook->do_action()
#25 /home/catalyst/domains/catalystclassroom.com/public_html/staging/wp-includes/rest-api.php(587): do_action()
#26 /home/catalyst/domains/catalystclassroom.com/public_html/staging/wp-includes/rest-api.php(411): rest_get_server()
#27 /home/catalyst/domains/catalystclassroom.com/public_html/staging/wp-includes/class-wp-hook.php(310): rest_api_loaded()
#28 /home/catalyst/domains/catalystclassroom.com/public_html/staging/wp-includes/class-wp-hook.php(334): WP_Hook->apply_filters()
#29 /home/catalyst/domains/catalystclassroom.com/public_html/staging/wp-includes/plugin.php(565): WP_Hook->do_action()
#30 /home/catalyst/domains/catalystclassroom.com/public_html/staging/wp-includes/class-wp.php(398): do_action_ref_array()
#31 /home/catalyst/domains/catalystclassroom.com/public_html/staging/wp-includes/class-wp.php(779): WP->parse_request()
#32 /home/catalyst/domains/catalystclassroom.com/public_html/staging/wp-includes/functions.php(1335): WP->main()
#33 /home/catalyst/domains/catalystclassroom.com/public_html/staging/wp-blog-header.php(16): wp()
#34 /home/catalyst/domains/catalystclassroom.com/public_html/staging/index.php(17): require('/home/catalyst/...')
#35 {main}
  thrown in /home/catalyst/domains/catalystclassroom.com/public_html/staging/wp-content/plugins/woocommerce/vendor/jetpack-autoloader/class-php-autoloader.php on line 90

2023-09-25T02:41:24+00:00 CRITICAL Uncaught Error: Class "ElementorPro\Modules\Forms\Submissions\Data\Endpoints\Referer" not found in /home/catalyst/domains/catalystclassroom.com/public_html/staging/wp-content/plugins/elementor/data/base/controller.php:210
Stack trace:
#0 /home/catalyst/domains/catalystclassroom.com/public_html/staging/wp-content/plugins/elementor-pro/modules/forms/submissions/data/controller.php(242): Elementor\Data\Base\Controller->register_endpoint()
#1 /home/catalyst/domains/catalystclassroom.com/public_html/staging/wp-content/plugins/elementor/data/base/controller.php(265): ElementorPro\Modules\Forms\Submissions\Data\Controller->register_endpoints()
#2 /home/catalyst/domains/catalystclassroom.com/public_html/staging/wp-content/plugins/elementor-pro/modules/forms/submissions/data/controller.php(251): Elementor\Data\Base\Controller->register()
#3 /home/catalyst/domains/catalystclassroom.com/public_html/staging/wp-content/plugins/elementor/data/base/controller.php(40): ElementorPro\Modules\Forms\Submissions\Data\Controller->register()
#4 /home/catalyst/domains/catalystclassroom.com/public_html/staging/wp-includes/class-wp-hook.php(310): Elementor\Data\Base\Controller->Elementor\Data\Base\{closure}()
#5 /home/catalyst/domains/catalystclassroom.com/public_html/staging/wp-includes/class-wp-hook.php(334): WP_Hook->apply_filters()
#6 /home/catalyst/domains/catalystclassroom.com/public_html/staging/wp-includes/plugin.php(517): WP_Hook->do_action()
#7 /home/catalyst/domains/catalystclassroom.com/public_html/staging/wp-includes/rest-api.php(587): do_action()
#8 /home/catalyst/domains/catalystclassroom.com/public_html/staging/wp-includes/rest-api.php(411): rest_get_server()
#9 /home/catalyst/domains/catalystclassroom.com/public_html/staging/wp-includes/class-wp-hook.php(310): rest_api_loaded()
#10 /home/catalyst/domains/catalystclassroom.com/public_html/staging/wp-includes/class-wp-hook.php(334): WP_Hook->apply_filters()
#11 /home/catalyst/domains/catalystclassroom.com/public_html/staging/wp-includes/plugin.php(565): WP_Hook->do_action()
#12 /home/catalyst/domains/catalystclassroom.com/public_html/staging/wp-includes/class-wp.php(398): do_action_ref_array()
#13 /home/catalyst/domains/catalystclassroom.com/public_html/staging/wp-includes/class-wp.php(779): WP->parse_request()
#14 /home/catalyst/domains/catalystclassroom.com/public_html/staging/wp-includes/functions.php(1335): WP->main()
#15 /home/catalyst/domains/catalystclassroom.com/public_html/staging/wp-blog-header.php(16): wp()
#16 /home/catalyst/domains/catalystclassroom.com/public_html/staging/index.php(17): require('/home/catalyst/...')
#17 {main}
  thrown in /home/catalyst/domains/catalystclassroom.com/public_html/staging/wp-content/plugins/elementor/data/base/controller.php on line 210

2023-09-25T02:41:25+00:00 CRITICAL Uncaught Error: Class "ElementorPro\Modules\Forms\Submissions\Database\Query" not found in /home/catalyst/domains/catalystclassroom.com/public_html/staging/wp-content/plugins/elementor-pro/modules/forms/submissions/data/endpoints/restore.php:132
Stack trace:
#0 /home/catalyst/domains/catalystclassroom.com/public_html/staging/wp-content/plugins/elementor/data/base/controller.php(210): ElementorPro\Modules\Forms\Submissions\Data\Endpoints\Restore->__construct()
#1 /home/catalyst/domains/catalystclassroom.com/public_html/staging/wp-content/plugins/elementor-pro/modules/forms/submissions/data/controller.php(240): Elementor\Data\Base\Controller->register_endpoint()
#2 /home/catalyst/domains/catalystclassroom.com/public_html/staging/wp-content/plugins/elementor/data/base/controller.php(265): ElementorPro\Modules\Forms\Submissions\Data\Controller->register_endpoints()
#3 /home/catalyst/domains/catalystclassroom.com/public_html/staging/wp-content/plugins/elementor-pro/modules/forms/submissions/data/controller.php(251): Elementor\Data\Base\Controller->register()
#4 /home/catalyst/domains/catalystclassroom.com/public_html/staging/wp-content/plugins/elementor/data/base/controller.php(40): ElementorPro\Modules\Forms\Submissions\Data\Controller->register()
#5 /home/catalyst/domains/catalystclassroom.com/public_html/staging/wp-includes/class-wp-hook.php(310): Elementor\Data\Base\Controller->Elementor\Data\Base\{closure}()
#6 /home/catalyst/domains/catalystclassroom.com/public_html/staging/wp-includes/class-wp-hook.php(334): WP_Hook->apply_filters()
#7 /home/catalyst/domains/catalystclassroom.com/public_html/staging/wp-includes/plugin.php(517): WP_Hook->do_action()
#8 /home/catalyst/domains/catalystclassroom.com/public_html/staging/wp-includes/rest-api.php(587): do_action()
#9 /home/catalyst/domains/catalystclassroom.com/public_html/staging/wp-includes/rest-api.php(411): rest_get_server()
#10 /home/catalyst/domains/catalystclassroom.com/public_html/staging/wp-includes/class-wp-hook.php(310): rest_api_loaded()
#11 /home/catalyst/domains/catalystclassroom.com/public_html/staging/wp-includes/class-wp-hook.php(334): WP_Hook->apply_filters()
#12 /home/catalyst/domains/catalystclassroom.com/public_html/staging/wp-includes/plugin.php(565): WP_Hook->do_action()
#13 /home/catalyst/domains/catalystclassroom.com/public_html/staging/wp-includes/class-wp.php(398): do_action_ref_array()
#14 /home/catalyst/domains/catalystclassroom.com/public_html/staging/wp-includes/class-wp.php(779): WP->parse_request()
#15 /home/catalyst/domains/catalystclassroom.com/public_html/staging/wp-includes/functions.php(1335): WP->main()
#16 /home/catalyst/domains/catalystclassroom.com/public_html/staging/wp-blog-header.php(16): wp()
#17 /home/catalyst/domains/catalystclassroom.com/public_html/staging/index.php(17): require('/home/catalyst/...')
#18 {main}
  thrown in /home/catalyst/domains/catalystclassroom.com/public_html/staging/wp-content/plugins/elementor-pro/modules/forms/submissions/data/endpoints/restore.php on line 132

2023-09-25T02:41:26+00:00 CRITICAL Uncaught Error: Failed opening required '/home/catalyst/domains/catalystclassroom.com/public_html/staging/wp-content/plugins/woocommerce/assets/client/admin/wp-admin-scripts/payment-method-promotions.asset.php' (include_path='.:/opt/alt/php80/usr/share/pear:/opt/alt/php80/usr/share/php:/usr/share/pear:/usr/share/php') in /home/catalyst/domains/catalystclassroom.com/public_html/staging/wp-content/plugins/woocommerce/src/Internal/Admin/WCAdminAssets.php:421
Stack trace:
#0 /home/catalyst/domains/catalystclassroom.com/public_html/staging/wp-content/plugins/woocommerce/src/Internal/Admin/WCPayPromotion/Init.php(45): Automattic\WooCommerce\Internal\Admin\WCAdminAssets::register_script()
#1 /home/catalyst/domains/catalystclassroom.com/public_html/staging/wp-content/plugins/woocommerce/src/Admin/Features/Features.php(138): Automattic\WooCommerce\Internal\Admin\WCPayPromotion\Init->__construct()
#2 /home/catalyst/domains/catalystclassroom.com/public_html/staging/wp-includes/class-wp-hook.php(310): Automattic\WooCommerce\Admin\Features\Features::load_features()
#3 /home/catalyst/domains/catalystclassroom.com/public_html/staging/wp-includes/class-wp-hook.php(334): WP_Hook->apply_filters()
#4 /home/catalyst/domains/catalystclassroom.com/public_html/staging/wp-includes/plugin.php(517): WP_Hook->do_action()
#5 /home/catalyst/domains/catalystclassroom.com/public_html/staging/wp-settings.php(632): do_action()
#6 /home/catalyst/domains/catalystclassroom.com/public_html/staging/wp-config.php(97): require_once('/home/catalyst/...')
#7 /home/catalyst/domains/catalystclassroom.com/public_html/staging/wp-load.php(50): require_once('/home/catalyst/...')
#8 /home/catalyst/domains/catalystclassroom.com/public_html/staging/wp-blog-header.php(13): require_once('/home/catalyst/...')
#9 /home/catalyst/domains/catalystclassroom.com/public_html/staging/index.php(17): require('/home/catalyst/...')
#10 {main}
  thrown in /home/catalyst/domains/catalystclassroom.com/public_html/staging/wp-content/plugins/woocommerce/src/Internal/Admin/WCAdminAssets.php on line 421

