[WP STAGING Shutdown Function][E_ERROR][2023-10-01 04:04:41] Uncaught ArgumentCountError: Too few arguments to function EE_Error::add_error(), 1 passed in /Applications/MAMP/htdocs/catalystclassroom/wp-content/plugins/event-espresso-decaf/core/helpers/EEH_Activation.helper.php on line 785 and exactly 4 expected in /Applications/MAMP/htdocs/catalystclassroom/wp-content/plugins/event-espresso-decaf/core/EE_Error.core.php:448
Stack trace:
#0 /Applications/MAMP/htdocs/catalystclassroom/wp-content/plugins/event-espresso-decaf/core/helpers/EEH_Activation.helper.php(785): EE_Error::add_error('There were erro...')
#1 /Applications/MAMP/htdocs/catalystclassroom/wp-content/plugins/event-espresso-decaf/core/helpers/EEH_Activation.helper.php(118): EEH_Activation::create_database_tables()
#2 /Applications/MAMP/htdocs/catalystclassroom/wp-content/plugins/event-espresso-decaf/core/EE_System.core.php(630): EEH_Activation::initialize_db_and_folders()
#3 /Applications/MAMP/htdocs/catalystclassroom/wp-includes/class-wp-hook.php(310): EE_System->initialize_db_if_no_migrations_required('') - File: /Applications/MAMP/htdocs/catalystclassroom/wp-content/plugins/event-espresso-decaf/core/EE_Error.core.php Line: 448 | Is it Fatal Error? Yes | Is it Thrown by WP STAGING? No
[WP STAGING Shutdown Function][E_ERROR][2023-10-01 04:05:17] Uncaught ArgumentCountError: Too few arguments to function EE_Error::add_error(), 1 passed in /Applications/MAMP/htdocs/catalystclassroom/wp-content/plugins/event-espresso-decaf/core/helpers/EEH_Activation.helper.php on line 785 and exactly 4 expected in /Applications/MAMP/htdocs/catalystclassroom/wp-content/plugins/event-espresso-decaf/core/EE_Error.core.php:448
Stack trace:
#0 /Applications/MAMP/htdocs/catalystclassroom/wp-content/plugins/event-espresso-decaf/core/helpers/EEH_Activation.helper.php(785): EE_Error::add_error('There were erro...')
#1 /Applications/MAMP/htdocs/catalystclassroom/wp-content/plugins/event-espresso-decaf/core/helpers/EEH_Activation.helper.php(118): EEH_Activation::create_database_tables()
#2 /Applications/MAMP/htdocs/catalystclassroom/wp-content/plugins/event-espresso-decaf/core/EE_System.core.php(630): EEH_Activation::initialize_db_and_folders()
#3 /Applications/MAMP/htdocs/catalystclassroom/wp-includes/class-wp-hook.php(310): EE_System->initialize_db_if_no_migrations_required('') - File: /Applications/MAMP/htdocs/catalystclassroom/wp-content/plugins/event-espresso-decaf/core/EE_Error.core.php Line: 448 | Is it Fatal Error? Yes | Is it Thrown by WP STAGING? No
[WP STAGING Shutdown Function][E_ERROR][2023-10-01 04:06:24] Uncaught ArgumentCountError: Too few arguments to function EE_Error::add_error(), 1 passed in /Applications/MAMP/htdocs/catalystclassroom/wp-content/plugins/event-espresso-decaf/core/helpers/EEH_Activation.helper.php on line 785 and exactly 4 expected in /Applications/MAMP/htdocs/catalystclassroom/wp-content/plugins/event-espresso-decaf/core/EE_Error.core.php:448
Stack trace:
#0 /Applications/MAMP/htdocs/catalystclassroom/wp-content/plugins/event-espresso-decaf/core/helpers/EEH_Activation.helper.php(785): EE_Error::add_error('There were erro...')
#1 /Applications/MAMP/htdocs/catalystclassroom/wp-content/plugins/event-espresso-decaf/core/helpers/EEH_Activation.helper.php(118): EEH_Activation::create_database_tables()
#2 /Applications/MAMP/htdocs/catalystclassroom/wp-content/plugins/event-espresso-decaf/core/EE_System.core.php(630): EEH_Activation::initialize_db_and_folders()
#3 /Applications/MAMP/htdocs/catalystclassroom/wp-includes/class-wp-hook.php(310): EE_System->initialize_db_if_no_migrations_required('') - File: /Applications/MAMP/htdocs/catalystclassroom/wp-content/plugins/event-espresso-decaf/core/EE_Error.core.php Line: 448 | Is it Fatal Error? Yes | Is it Thrown by WP STAGING? No
[WP STAGING Shutdown Function][E_ERROR][2023-10-01 04:06:44] Uncaught RuntimeException: Error saving action: Error saving action: Database error. in /Applications/MAMP/htdocs/catalystclassroom/wp-content/plugins/woocommerce/packages/action-scheduler/classes/migration/ActionScheduler_DBStoreMigrator.php:44
Stack trace:
#0 /Applications/MAMP/htdocs/catalystclassroom/wp-content/plugins/woocommerce/packages/action-scheduler/classes/data-stores/ActionScheduler_HybridStore.php(242): ActionScheduler_DBStoreMigrator->save_action(Object(ActionScheduler_Action), NULL)
#1 /Applications/MAMP/htdocs/catalystclassroom/wp-content/plugins/woocommerce/packages/action-scheduler/classes/ActionScheduler_ActionFactory.php(327): ActionScheduler_HybridStore->save_action(Object(ActionScheduler_Action))
#2 /Applications/MAMP/htdocs/catalystclassroom/wp-content/plugins/woocommerce/packages/action-scheduler/classes/ActionScheduler_ActionFactory.php(315): ActionScheduler_ActionFactory->store(Object(ActionScheduler_Action))
#3 /Applications/MAMP/htdocs/catalystclassroom/wp-content/plugins/woocomme - File: /Applications/MAMP/htdocs/catalystclassroom/wp-content/plugins/woocommerce/packages/action-scheduler/classes/migration/ActionScheduler_DBStoreMigrator.php Line: 44 | Is it Fatal Error? Yes | Is it Thrown by WP STAGING? No
